<?xml version="1.0" encoding="UTF-8"?>
<!-- Generated by org.testng.reporters.JUnitReportReporter -->
<testsuite hostname="DESKTOP-NV32LEE" name="scrollBy.scrollBypiexel" tests="1" failures="0" timestamp="20 Apr 2018 11:30:09 GMT" time="59.405" errors="0">
  <testcase name="scrollByPiexl" time="59.405" classname="scrollBy.scrollBypiexel"/>
</testsuite> <!-- scrollBy.scrollBypiexel -->
