<?xml version="1.0" encoding="UTF-8"?>
<!-- Generated by org.testng.reporters.JUnitReportReporter -->
<testsuite hostname="DESKTOP-NV32LEE" name="scrollBy.scrollToBottom" tests="1" failures="0" timestamp="20 Apr 2018 12:26:37 GMT" time="16.401" errors="0">
  <testcase name="scrollToBottom" time="16.401" classname="scrollBy.scrollToBottom"/>
</testsuite> <!-- scrollBy.scrollToBottom -->
