<?xml version="1.0" encoding="UTF-8"?>
<!-- Generated by org.testng.reporters.JUnitReportReporter -->
<testsuite hostname="DESKTOP-NV32LEE" name="testCases.qaclick" tests="1" failures="0" timestamp="15 Apr 2018 04:39:56 GMT" time="19.115" errors="0">
  <testcase name="qaclick" time="19.115" classname="testCases.qaclick"/>
</testsuite> <!-- testCases.qaclick -->
