<?xml version="1.0" encoding="UTF-8"?>
<!-- Generated by org.testng.reporters.JUnitReportReporter -->
<testsuite skipped="0" hostname="DESKTOP-NV32LEE" name="test.day1" tests="1" failures="0" timestamp="12 Apr 2018 07:04:24 GMT" time="0.002" errors="0">
  <testcase name="demo" time="0.002" classname="test.day1"/>
</testsuite> <!-- test.day1 -->
