<?xml version="1.0" encoding="UTF-8"?>
<!-- Generated by org.testng.reporters.JUnitReportReporter -->
<testsuite skipped="1" hostname="DESKTOP-NV32LEE" name="test.day3" tests="5" failures="0" timestamp="12 Apr 2018 10:30:56 GMT" time="0.040" errors="0">
  <testcase name="webLoginCarLoan" time="0.003" classname="test.day3"/>
  <testcase name="mobileLogOutCarLoan" time="0.022" classname="test.day3"/>
  <testcase name="APIloginCarLoan" time="0.001" classname="test.day3"/>
  <testcase name="mobileLoginCarLoan" time="0.014" classname="test.day3"/>
  <testcase name="mobileSigninCarLoan" classname="test.day3">
    <skipped/>
  </testcase> <!-- mobileSigninCarLoan -->
</testsuite> <!-- test.day3 -->
