<?xml version="1.0" encoding="UTF-8"?>
<!-- Generated by org.testng.reporters.JUnitReportReporter -->
<testsuite skipped="0" hostname="DESKTOP-NV32LEE" name="test.day2" tests="1" failures="0" timestamp="12 Apr 2018 08:02:32 GMT" time="0.017" errors="0">
  <testcase name="ploan" time="0.017" classname="test.day2"/>
</testsuite> <!-- test.day2 -->
