<?xml version="1.0" encoding="UTF-8"?>
<!-- Generated by org.testng.reporters.JUnitReportReporter -->
<testsuite hostname="DESKTOP-NV32LEE" name="testcases.qaclick" tests="1" failures="0" timestamp="14 Apr 2018 12:22:05 GMT" time="18.844" errors="0">
  <testcase name="login" time="18.844" classname="testcases.qaclick"/>
</testsuite> <!-- testcases.qaclick -->
